[35m[Appium][39m Welcome to Appium v1.9.1
[35m[Appium][39m Non-default server args:
[35m[Appium][39m   port: 63919
[35m[Appium][39m   loglevel: info
[35m[Appium][39m   chromeDriverPort: 63920
[35m[Appium][39m   tmpDir: C:\Users\ICORE-~1\AppData\Local\Temp\\Katalon\Appium\Temp1540874587667
[35m[Appium][39m Appium REST http interface listener started on 0.0.0.0:63919
[35m[HTTP][39m [37m-->[39m [37mGET[39m [37m/wd/hub/status[39m
[35m[HTTP][39m [90m{}[39m
[35m[HTTP][39m [37m<-- GET /wd/hub/status [39m[32m200[39m [90m14 ms - 67[39m
[35m[HTTP][39m [90m[39m
[35m[HTTP][39m [37m-->[39m [37mGET[39m [37m/wd/hub/status[39m
[35m[HTTP][39m [90m{}[39m
[35m[HTTP][39m [37m<-- GET /wd/hub/status [39m[32m200[39m [90m1 ms - 67[39m
[35m[HTTP][39m [90m[39m
[35m[HTTP][39m [37m-->[39m [37mPOST[39m [37m/wd/hub/session[39m
[35m[HTTP][39m [90m{"desiredCapabilities":{"app":"C:\\Users\\icore-lenovo-ip320\\Downloads\\app-debug-1.1.58.0-staging (1).apk","autoGrantPermissions":true,"deviceName":"OPPO CPH1701 (Android 6.0.1)","fullReset":false,"newCommandTimeout":1800,"noReset":true,"platform":"ANDROID","platformName":"Android","udid":"9832cc6c"},"capabilities":{"desiredCapabilities":{"app":"C:\\Users\\icore-lenovo-ip320\\Downloads\\app-debug-1.1.58.0-staging (1).apk","autoGrantPermissions":true,"deviceName":"OPPO CPH1701 (Android 6.0.1)","fullReset":false,"newCommandTimeout":1800,"noReset":true,"platform":"ANDROID","platformName":"Android","udid":"9832cc6c"},"firstMatch":[{"platformName":"android"}]}}[39m
[35m[Appium][39m Could not parse W3C capabilities: 'deviceName' can't be blank
[35m[Appium][39m Trying to fix W3C capabilities by merging them with JSONWP caps
[35m[BaseDriver][39m The capabilities ["app","autoGrantPermissions","deviceName","fullReset","newCommandTimeout","noReset","platform","udid"] are not standard capabilities and should have an extension prefix
[35m[Appium][39m Creating new AndroidDriver (v4.1.1) session
[35m[Appium][39m Capabilities:
[35m[Appium][39m   app: C:\Users\icore-lenovo-ip320\Downloads\app-debug-1.1.58.0-staging (1).apk
[35m[Appium][39m   autoGrantPermissions: true
[35m[Appium][39m   deviceName: OPPO CPH1701 (Android 6.0.1)
[35m[Appium][39m   fullReset: false
[35m[Appium][39m   newCommandTimeout: 1800
[35m[Appium][39m   noReset: true
[35m[Appium][39m   platform: ANDROID
[35m[Appium][39m   udid: 9832cc6c
[35m[Appium][39m   platformName: android
[35m[BaseDriver][39m The following capabilities were provided, but are not recognized by appium: platform.
[35m[BaseDriver][39m Session created with session id: 84c283c0-807f-484d-8dc5-70ae1cb378cc
[35m[AndroidDriver][39m Java version is: 1.8.0_181
[35m[ADB][39m Checking whether adb is present
[35m[ADB][39m Found 1 'build-tools' folders under 'C:\Users\icore-lenovo-ip320\.katalon\tools\android_sdk' (newest first):
[35m[ADB][39m     C:/Users/icore-lenovo-ip320/.katalon/tools/android_sdk/build-tools/28.0.3
[35m[ADB][39m Using adb.exe from C:\Users\icore-lenovo-ip320\.katalon\tools\android_sdk\platform-tools\adb.exe
[35m[AndroidDriver][39m Retrieving device list
[35m[AndroidDriver][39m Using device: 9832cc6c
[35m[AndroidDriver][39m Consider setting 'automationName' capability to 'uiautomator2' on Android >= 6, since UIAutomator framework is not maintained anymore by the OS vendor.
[35m[BaseDriver][39m Using local app 'C:\Users\icore-lenovo-ip320\Downloads\app-debug-1.1.58.0-staging (1).apk'
[35m[AndroidDriver][39m Starting Android session
[35m[ADB][39m Checking whether aapt is present
[35m[ADB][39m Using aapt.exe from C:\Users\icore-lenovo-ip320\.katalon\tools\android_sdk\build-tools\28.0.3\aapt.exe
[35m[AndroidDriver][39m setDeviceLanguageCountry requires language or country.
[35m[AndroidDriver][39m Got language: 'null' and country: 'null'
[35m[ADB][39m Getting device platform version
[35m[ADB][39m Using the alternative activity name detection method because of: Could not find apkanalyzer.bat in C:\Users\icore-lenovo-ip320\.katalon\tools\android_sdk\platform-tools\apkanalyzer.bat,C:\Users\icore-lenovo-ip320\.katalon\tools\android_sdk\emulator\apkanalyzer.bat,C:\Users\icore-lenovo-ip320\.katalon\tools\android_sdk\tools\apkanalyzer.bat,C:\Users\icore-lenovo-ip320\.katalon\tools\android_sdk\tools\bin\apkanalyzer.bat,C:\Users\icore-lenovo-ip320\.katalon\tools\android_sdk\build-tools\28.0.3\apkanalyzer.bat. Do you have the Android SDK installed at 'C:\Users\icore-lenovo-ip320\.katalon\tools\android_sdk'?
[35m[ADB][39m Extracting package and launch activity from manifest
[35m[ADB][39m Package name: 'com.panoramatours.staging'
[35m[ADB][39m Main activity name: 'com.panoramatours.ui.splash.SplashActivity'
[35m[HTTP][39m [37m<-- POST /wd/hub/session [39m[31m500[39m [90m14453 ms - 25963[39m
[35m[HTTP][39m [90m[39m
